2024-07-05T09:37:55.789Z error: Login error: Invalid credentials
2024-07-05T09:38:40.337Z error: Login error: Invalid credentials
2024-07-05T09:41:53.224Z error: Login error: Invalid credentials
2024-07-05T09:51:31.794Z error: Login error: secretOrPrivateKey must have a value
2024-07-05T09:53:00.100Z error: Login error: Invalid credentials
2024-07-05T09:54:44.567Z error: Login error: secretOrPrivateKey must have a value
2024-07-05T10:09:16.806Z error: Login error: secretOrPrivateKey must have a value
2024-07-05T11:12:50.613Z info: [object Object] created
2024-07-05T11:18:24.232Z info: [object Object] created
2024-07-05T11:19:26.680Z info: [object Object] updated
2024-07-05T11:27:00.059Z error: the 1 is unavailable
2024-07-05T11:27:41.136Z error: the 1 is unavailable
2024-07-05T12:17:50.320Z info: 1 created
2024-07-05T12:21:25.265Z error: failed to find null record
2024-07-05T12:21:56.647Z info: [object Object] updated
2024-07-05T12:22:25.430Z info: 3 updated
2024-07-05T12:22:35.747Z info: 3 deleted
2024-07-05T12:51:58.651Z info: Brian created
2024-07-05T13:00:50.499Z info: Brian updated
2024-07-08T07:14:26.144Z error: failed to create 
2024-07-08T07:17:03.581Z error: failed to create project
2024-07-08T09:28:51.706Z error: failed to create project
2024-07-08T09:33:22.656Z info: [object Object] created
2024-07-08T13:26:27.162Z error: failed to create:brand
2024-07-08T13:26:53.418Z error: failed to create:brand
2024-07-08T13:28:24.947Z error: failed to create:brand
2024-07-08T13:30:23.825Z error: failed to create:brand
2024-07-09T06:38:56.105Z error: Register error: 
Invalid `prisma.user.create()` invocation:


Unique constraint failed on the constraint: `User_email_key`
2024-07-09T06:42:08.216Z error: Error creating companies: 
Invalid `prisma.company.create()` invocation:

{
  data: {
    name: "Your Company Name",
    address: "123 Main Street",
    contactEmail: "contact@yourcompany.com",
    contactPhone: "+1234567890",
    industry: "Marketing",
+   agencyId: Int
  }
}

Argument `agencyId` is missing.
2024-07-09T06:46:28.592Z error: Error creating companies: company is not defined
2024-07-09T06:49:32.186Z error: Error creating companies: company is not defined
2024-07-09T06:51:40.283Z info: Company created: Your Company Name
2024-07-09T06:52:18.896Z info: Company created: Your Company Name
2024-07-09T06:54:39.108Z info: Company created: agency
2024-07-09T07:02:09.321Z info: Company created: agency
2024-07-09T07:13:26.219Z error: Error creating companies: 
Invalid `prisma.company.create()` invocation:

{
  data: {
    name: "agency",
    address: "123 Main Street",
    contactEmail: "contact@agencyy.com",
    contactPhone: "+1234567890",
    industry: "Marketing",
    agencyId: "34e47caf-773a-4325-b694-bae35b8a99d0"
              ~~~~~~~~~~~~~~~~~~~~~~~~~~~~~~~~~~~~~~
  }
}

Argument `agencyId`: Invalid value provided. Expected Int, provided String.
2024-07-09T07:19:35.744Z info: Company created: agency
2024-07-09T07:38:53.531Z info: Company created: agency
2024-07-09T11:51:39.446Z info: Company created: Laikipia University
2024-07-10T07:09:43.695Z info: Company created: Laikipia University
2024-07-10T07:10:51.578Z info: Company created: Laikipia University
2024-07-10T07:36:51.156Z info: Company created: Laikipia University
2024-07-10T09:20:53.072Z error: faied to delete company
2024-07-10T09:25:04.549Z info: Company created: Tech Solutions Ltd.
2024-07-10T09:28:13.788Z error: faied to delete company
2024-07-10T09:30:24.519Z error: Failed to delete company with ID: 
Invalid `prisma.company.delete()` invocation:


An operation failed because it depends on one or more records that were required but not found. Record to delete does not exist.
2024-07-10T09:30:38.068Z info: Company with ID deleted
2024-07-10T09:30:51.312Z info: Company with ID deleted
2024-07-10T09:30:53.271Z info: Company with ID deleted
2024-07-10T09:30:54.777Z info: Company with ID deleted
2024-07-10T09:30:55.493Z info: Company with ID deleted
2024-07-10T09:30:56.128Z info: Company with ID deleted
2024-07-10T09:34:56.165Z info: Company with ID deleted
2024-07-10T09:38:19.579Z info: Company with ID deleted
2024-07-10T09:41:36.312Z info: Company created: Gibbross
2024-07-10T09:43:53.456Z error: faied to update company
2024-07-10T09:44:34.541Z info: Company with ID deleted
2024-07-10T09:46:36.230Z info: Company with ID deleted
2024-07-10T09:46:37.511Z info: Company with ID deleted
2024-07-10T09:46:49.671Z error: faied to update company
2024-07-10T09:47:12.469Z error: faied to update company
2024-07-10T09:47:52.914Z error: faied to update company
2024-07-10T09:48:53.569Z info: Company with ID deleted
2024-07-10T09:48:54.853Z error: faied to update company
2024-07-10T09:49:08.280Z info: Company created: Gibbross
2024-07-10T09:49:18.869Z info: Company created: Gibbross
2024-07-10T09:49:20.388Z info: Company created: Gibbross
2024-07-10T09:49:35.590Z error: faied to update company
2024-07-10T09:50:21.157Z error: faied to update company
2024-07-10T09:50:24.808Z error: faied to update company 
Invalid `prisma.company.update()` invocation:

{
  where: {
+   id: Int
  },
  data: {
    name: undefined,
    address: undefined,
    contactEmail: undefined,
    contactPhone: undefined,
    industry: undefined
  }
}

Argument `id` is missing.
2024-07-10T09:54:08.800Z error: Failed to update company with ID  
Invalid `prisma.company.update()` invocation:

{
  where: {
+   id: Int
  },
  data: {
    name: undefined,
    address: undefined,
    contactEmail: undefined,
    contactPhone: undefined,
    industry: undefined
  }
}

Argument `id` is missing.
2024-07-10T09:54:39.923Z error: Failed to update company with ID  
Invalid `prisma.company.update()` invocation:

{
  where: {
+   name: {
+     equals: String | StringFieldRefInput,
+     in: String[],
+     notIn: String[],
+     lt: String | StringFieldRefInput,
+     lte: String | StringFieldRefInput,
+     gt: String | StringFieldRefInput,
+     gte: String | StringFieldRefInput,
+     contains: String | StringFieldRefInput,
+     startsWith: String | StringFieldRefInput,
+     endsWith: String | StringFieldRefInput,
+     not: String | NestedStringFilter
+   }
  },
  data: {
    name: undefined,
    address: undefined,
    contactEmail: undefined,
    contactPhone: undefined,
    industry: undefined
  }
}

Argument `name` is missing.
2024-07-10T09:55:07.506Z error: Failed to update company with ID  
Invalid `prisma.company.update()` invocation:

{
  where: {
    name: "undefined",
?   id?: Int,
?   AND?: CompanyWhereInput | CompanyWhereInput[],
?   OR?: CompanyWhereInput[],
?   NOT?: CompanyWhereInput | CompanyWhereInput[],
?   address?: StringNullableFilter | String | Null,
?   contactEmail?: StringNullableFilter | String | Null,
?   contactPhone?: StringNullableFilter | String | Null,
?   industry?: StringNullableFilter | String | Null,
?   createdAt?: DateTimeFilter | DateTime,
?   updatedAt?: DateTimeFilter | DateTime,
?   socialMedia?: SocialMediaListRelationFilter,
?   news?: NewsListRelationFilter,
?   clients?: ClientListRelationFilter,
?   subAgencies?: SubAgencyListRelationFilter,
?   performances?: PerformanceListRelationFilter,
?   brandings?: BrandingListRelationFilter,
?   integrations?: IntegrationListRelationFilter
  },
  data: {
    name: undefined,
    address: undefined,
    contactEmail: undefined,
    contactPhone: undefined,
    industry: undefined
  }
}

Argument `where` of type CompanyWhereUniqueInput needs at least one of `id` arguments. Available options are marked with ?.
2024-07-10T09:59:11.114Z error: Failed to update company with ID undefined: 
Invalid `prisma.company.update()` invocation:

{
  where: {
+   id: Int
  },
  data: {
    name: undefined,
    address: undefined,
    contactEmail: undefined,
    contactPhone: undefined,
    industry: undefined
  }
}

Argument `id` is missing.
2024-07-10T10:03:19.122Z info: Company with ID 15 updated successfully
2024-07-10T10:03:53.223Z error: Failed to update company with ID undefined: 
Invalid `prisma.company.update()` invocation:

{
  where: {
+   id: Int
  },
  data: {
    name: undefined,
    address: undefined,
    contactEmail: undefined,
    contactPhone: undefined,
    industry: undefined
  }
}

Argument `id` is missing.
2024-07-10T10:18:51.382Z error: Failed to update company with ID undefined: 
Invalid `prisma.company.update()` invocation:

{
  where: {
+   id: Int
  },
  data: {
    name: undefined,
    address: undefined,
    contactEmail: undefined,
    contactPhone: undefined,
    industry: undefined
  }
}

Argument `id` is missing.
2024-07-10T10:18:55.124Z error: Failed to update company with ID undefined: 
Invalid `prisma.company.update()` invocation:

{
  where: {
+   id: Int
  },
  data: {
    name: undefined,
    address: undefined,
    contactEmail: undefined,
    contactPhone: undefined,
    industry: undefined
  }
}

Argument `id` is missing.
2024-07-10T10:27:46.293Z info: Company found: Gibbross
2024-07-10T10:42:17.771Z error: Failed to update company with ID undefined: 
Invalid `prisma.company.update()` invocation:

{
  where: {
+   id: Int
  },
  data: {
    name: undefined,
    address: undefined,
    contactEmail: undefined,
    contactPhone: undefined,
    industry: undefined
  }
}

Argument `id` is missing.
2024-07-10T11:42:03.115Z error: Failed to update company with ID undefined: 
Invalid `prisma.company.update()` invocation:

{
  where: {
+   id: Int
  },
  data: {
    name: undefined,
    address: undefined,
    contactEmail: undefined,
    contactPhone: undefined,
    industry: undefined
  }
}

Argument `id` is missing.
2024-07-10T11:43:40.579Z error: Failed to update company with ID undefined: 
Invalid `prisma.company.update()` invocation:

{
  where: {
+   id: Int
  },
  data: {
    name: undefined,
    address: undefined,
    contactEmail: undefined,
    contactPhone: undefined,
    industry: undefined
  }
}

Argument `id` is missing.
2024-07-10T11:44:06.519Z info: Company with ID 17 deleted successfully
2024-07-10T11:47:49.892Z info: Company with ID 15 updated successfully
2024-07-10T12:02:08.186Z info: Company created: Tech Solutions Ltd.
2024-07-10T12:04:24.529Z info: Company with ID 15 updated successfully
2024-07-10T12:05:06.657Z info: Company found: main
2024-07-10T12:05:48.420Z info: Company with ID 18 deleted successfully
2024-07-10T12:19:46.183Z error: Failed to update company with ID 0: 
Invalid `prisma.company.update()` invocation:


An operation failed because it depends on one or more records that were required but not found. Record to update not found.
2024-07-10T12:23:49.008Z info: Company with ID 15 updated successfully
2024-07-10T12:23:56.835Z info: Company with ID 16 updated successfully
2024-07-10T12:24:40.444Z info: Company with ID 15 updated successfully
2024-07-10T12:39:53.925Z info: Company with ID 15 updated successfully
2024-07-10T13:02:55.206Z info: Company with ID 15 updated successfully
2024-07-10T13:03:44.505Z info: Company created: Gibbross
2024-07-10T13:05:19.470Z info: Company with ID 16 deleted successfully
2024-07-11T06:41:54.898Z info: Company created: Gibbross
2024-07-11T07:42:09.143Z error: failed to create:brand
2024-07-11T07:44:41.857Z error: failed to create:brand
2024-07-11T07:46:41.442Z error: failed to create:brand
2024-07-11T07:49:05.957Z error: failed to get:undefined
2024-07-11T07:49:06.151Z error: failed to get:undefined
2024-07-11T08:20:55.981Z error: failed to get:undefined
2024-07-11T08:20:56.044Z error: failed to get:undefined
2024-07-11T08:25:41.698Z error: failed to create: PrismaClientValidationError: 
Invalid `prisma.client.create()` invocation:

{
  data: {
    name: "Brian Kimurgor",
    email: "kimurgorbrian20@gmail.com",
    phone: "0748983103",
    address: "503, 27",
    companyId: "15"
               ~~~~
  }
}

Argument `companyId`: Invalid value provided. Expected Int or Null, provided String.
2024-07-11T08:25:54.388Z error: failed to create: PrismaClientValidationError: 
Invalid `prisma.client.create()` invocation:

{
  data: {
    name: "Brian Kimurgor",
    email: "kimurgorbrian20@gmail.com",
    phone: "0748983103",
    address: "503, 27",
    companyId: "12"
               ~~~~
  }
}

Argument `companyId`: Invalid value provided. Expected Int or Null, provided String.
2024-07-11T08:31:59.222Z error: failed to get:undefined
2024-07-11T08:31:59.294Z error: failed to get:undefined
2024-07-11T08:33:28.776Z error: failed to create: PrismaClientValidationError: 
Invalid `prisma.client.create()` invocation:

{
  data: {
    name: "Brian Kimurgor",
    email: "kimurgorbrian20@gmail.com",
    phone: "0748983103",
    address: "503, 27",
    companyId: "14"
               ~~~~
  }
}

Argument `companyId`: Invalid value provided. Expected Int or Null, provided String.
2024-07-11T08:33:59.838Z error: failed to create: PrismaClientValidationError: 
Invalid `prisma.client.create()` invocation:

{
  data: {
    name: "Brian Kimurgor",
    email: "kimurgorbrian20@gmail.com",
    phone: "0748983103",
    address: "503, 27",
    companyId: ""
               ~~
  }
}

Argument `companyId`: Invalid value provided. Expected Int or Null, provided String.
2024-07-11T08:34:47.419Z error: failed to create: PrismaClientValidationError: 
Invalid `prisma.client.create()` invocation:

{
  data: {
    name: "Brian Kimurgor",
    email: "kimurgorbrian20@gmail.com",
    phone: "0748983103",
    address: "503, 27",
    companyId: "1"
               ~~~
  }
}

Argument `companyId`: Invalid value provided. Expected Int or Null, provided String.
2024-07-11T08:38:28.830Z error: failed to create: PrismaClientKnownRequestError: 
Invalid `prisma.client.create()` invocation:


Foreign key constraint failed on the field: `companyId`
2024-07-11T08:38:42.718Z info: Brian created
2024-07-11T08:38:45.728Z info: Brian created
2024-07-11T08:38:47.277Z info: Brian created
2024-07-11T09:07:47.155Z info: Brian Kimurgor created
2024-07-11T09:07:56.007Z info: Brian Kimurgor created
2024-07-11T09:20:51.413Z info: Company with ID 20 deleted successfully
2024-07-11T09:30:19.585Z info: Brian created
2024-07-11T09:30:20.690Z info: Brian created
2024-07-11T09:30:22.185Z info: Brian created
2024-07-11T09:30:23.145Z info: Brian created
2024-07-11T09:30:23.964Z info: Brian created
2024-07-11T09:30:24.957Z info: Brian created
2024-07-11T09:30:25.867Z info: Brian created
2024-07-11T09:30:26.788Z info: Brian created
2024-07-11T09:30:27.632Z info: Brian created
2024-07-11T10:17:16.212Z info: [object Object] created
2024-07-11T10:17:19.129Z info: [object Object] created
2024-07-11T10:17:20.577Z info: [object Object] created
2024-07-11T10:17:22.463Z info: [object Object] created
2024-07-11T10:17:59.575Z error: Error fetching companies: Cannot read properties of undefined (reading 'findmany')
2024-07-11T10:18:42.062Z error: Error fetching projects: Cannot read properties of undefined (reading 'findMany')
2024-07-11T12:05:44.946Z info: [object Object] created
2024-07-11T12:05:47.257Z info: [object Object] created
2024-07-11T12:05:48.941Z info: [object Object] created
2024-07-11T12:05:50.266Z info: [object Object] created
2024-07-11T12:05:51.727Z info: [object Object] created
2024-07-11T12:05:53.034Z info: [object Object] created
2024-07-11T13:01:55.023Z info: [object Object] updated
2024-07-11T13:01:55.791Z info: [object Object] updated
2024-07-11T13:02:18.757Z info: [object Object] updated
2024-07-11T13:02:20.638Z info: [object Object] updated
2024-07-11T13:02:36.371Z info: [object Object] updated
2024-07-11T13:02:37.565Z info: [object Object] updated
2024-07-11T13:21:08.695Z info: [object Object] updated
2024-07-11T13:21:10.866Z info: [object Object] updated
2024-07-11T13:21:12.825Z info: [object Object] updated
2024-07-11T13:21:13.060Z info: [object Object] updated
2024-07-11T13:21:13.220Z info: [object Object] updated
2024-07-11T13:21:13.512Z info: [object Object] updated
2024-07-11T13:21:13.895Z info: [object Object] updated
2024-07-11T13:22:41.641Z info: [object Object] updated
2024-07-11T13:28:36.788Z info: [object Object] updated
2024-07-11T13:28:52.384Z info: [object Object] updated
2024-07-11T13:28:53.870Z info: [object Object] updated
2024-07-11T13:28:54.335Z info: [object Object] updated
2024-07-11T13:37:40.689Z info: [object Object] created
2024-07-11T13:37:45.852Z info: [object Object] created
2024-07-11T13:38:24.695Z info: [object Object] updated
2024-07-11T13:38:27.092Z info: [object Object] updated
2024-07-11T13:38:27.446Z info: [object Object] updated
2024-07-11T13:38:30.753Z info: [object Object] updated
2024-07-11T13:42:59.334Z info: [object Object] updated
2024-07-11T13:43:42.415Z info: [object Object] updated
2024-07-11T13:44:38.586Z info: [object Object] updated
2024-07-11T13:48:45.164Z info: [object Object] updated
2024-07-11T13:48:45.765Z info: [object Object] updated
2024-07-11T13:55:26.075Z info: [object Object] updated
2024-07-11T13:56:30.226Z info: [object Object] updated
2024-07-11T14:04:44.739Z info: [object Object] updated
